elapsed time:  1m23.132112371s
elapsed time:  1m29.806946011s
elapsed time:  29.214761111s
elapsed time:  1m20.575630642s
2015/05/31 13:11:50 image: unknown format
elapsed time:  1m44.289011741s
disconnected
disconnected
disconnected
disconnected
disconnected
disconnected
2015/05/31 13:13:10 image: unknown format
2015/05/31 13:13:11 image: unknown format
2015/05/31 13:13:15 image: unknown format
2015/05/31 13:13:45 image: unknown format
2015/05/31 13:13:46 image: unknown format
elapsed time:  1m42.075720505s
elapsed time:  1m25.912087112s
key not found
disconnected
key not found
key not found
elapsed time:  1m20.395260986s
elapsed time:  1m20.476000818s
elapsed time:  58.333544909s
elapsed time:  1m19.96705052s
elapsed time:  1m20.360295246s
saving mosaic...
elapsed time:  35.651673019s
elapsed time:  28.876366027s
elapsed time:  1m22.410259285s
elapsed time:  1m22.890451076s
saving mosaic...
